<?xml version="1.0" encoding="UTF-8"?>
<!-- Generated by org.testng.reporters.JUnitReportReporter -->
<testsuite hostname="DESKTOP-DFVBH6D" name="com.test.TestNGfeature" tests="4" failures="0" timestamp="25 Nov 2019 12:27:26 GMT" time="0.022" errors="0">
  <testcase name="regpage" time="0.003" classname="com.test.TestNGfeature"/>
  <testcase name="loginTest" time="0.014" classname="com.test.TestNGfeature"/>
  <testcase name="SearchpageTest" time="0.003" classname="com.test.TestNGfeature"/>
  <testcase name="HomepageTest" time="0.002" classname="com.test.TestNGfeature"/>
</testsuite> <!-- com.test.TestNGfeature -->
