<?xml version="1.0" encoding="UTF-8"?>
<!-- Generated by org.testng.reporters.JUnitReportReporter -->
<testsuite hostname="DESKTOP-DFVBH6D" name="com.test.TestngBasis" tests="1" failures="0" timestamp="23 Nov 2019 09:11:56 GMT" time="0.012" errors="0">
  <testcase name="googletitletest" time="0.012" classname="com.test.TestngBasis"/>
</testsuite> <!-- com.test.TestngBasis -->
