<?xml version="1.0" encoding="UTF-8"?>
<!-- Generated by org.testng.reporters.JUnitReportReporter -->
<testsuite hostname="DESKTOP-DFVBH6D" name="com.test.exceptionTimeout" tests="1" failures="0" timestamp="25 Nov 2019 12:44:22 GMT" time="0.012" errors="0">
  <testcase name="test" time="0.012" classname="com.test.exceptionTimeout"/>
</testsuite> <!-- com.test.exceptionTimeout -->
